<?xml version="1.0" encoding="UTF-8"?>
<testsuites>
  <testsuite name="" tests="219" assertions="460" errors="0" warnings="0" failures="0" skipped="0" time="0.338156">
    <testsuite name="unit-tests" tests="219" assertions="460" errors="0" warnings="0" failures="0" skipped="0" time="0.338156">
      <testsuite name="Podio\Tests\PodioAppFieldCollectionTest" file="/Users/shobhitsingh/ShobhitTestProjects/podio-php/tests/PodioAppFieldCollectionTest.php" tests="4" assertions="4" errors="0" warnings="0" failures="0" skipped="0" time="0.010637">
        <testcase name="test_can_construct_from_array" class="Podio\Tests\PodioAppFieldCollectionTest" classname="Podio.Tests.PodioAppFieldCollectionTest" file="/Users/shobhitsingh/ShobhitTestProjects/podio-php/tests/PodioAppFieldCollectionTest.php" line="27" assertions="1" time="0.006565"/>
        <testcase name="test_can_construct_from_objects" class="Podio\Tests\PodioAppFieldCollectionTest" classname="Podio.Tests.PodioAppFieldCollectionTest" file="/Users/shobhitsingh/ShobhitTestProjects/podio-php/tests/PodioAppFieldCollectionTest.php" line="37" assertions="1" time="0.000965"/>
        <testcase name="test_can_add_field" class="Podio\Tests\PodioAppFieldCollectionTest" classname="Podio.Tests.PodioAppFieldCollectionTest" file="/Users/shobhitsingh/ShobhitTestProjects/podio-php/tests/PodioAppFieldCollectionTest.php" line="48" assertions="1" time="0.000760"/>
        <testcase name="test_cannot_add_item_field" class="Podio\Tests\PodioAppFieldCollectionTest" classname="Podio.Tests.PodioAppFieldCollectionTest" file="/Users/shobhitsingh/ShobhitTestProjects/podio-php/tests/PodioAppFieldCollectionTest.php" line="56" assertions="1" time="0.002347"/>
      </testsuite>
      <testsuite name="Podio\Tests\PodioAppItemFieldTest" file="/Users/shobhitsingh/ShobhitTestProjects/podio-php/tests/PodioAppItemFieldTest.php" tests="10" assertions="17" errors="0" warnings="0" failures="0" skipped="0" time="0.012047">
        <testcase name="test_can_construct_from_simple_value" class="Podio\Tests\PodioAppItemFieldTest" classname="Podio.Tests.PodioAppItemFieldTest" file="/Users/shobhitsingh/ShobhitTestProjects/podio-php/tests/PodioAppItemFieldTest.php" line="31" assertions="1" time="0.001428"/>
        <testcase name="test_can_provide_value" class="Podio\Tests\PodioAppItemFieldTest" classname="Podio.Tests.PodioAppItemFieldTest" file="/Users/shobhitsingh/ShobhitTestProjects/podio-php/tests/PodioAppItemFieldTest.php" line="42" assertions="6" time="0.003259"/>
        <testcase name="test_can_set_value_from_object" class="Podio\Tests\PodioAppItemFieldTest" classname="Podio.Tests.PodioAppItemFieldTest" file="/Users/shobhitsingh/ShobhitTestProjects/podio-php/tests/PodioAppItemFieldTest.php" line="56" assertions="1" time="0.000892"/>
        <testcase name="test_can_set_value_from_collection" class="Podio\Tests\PodioAppItemFieldTest" classname="Podio.Tests.PodioAppItemFieldTest" file="/Users/shobhitsingh/ShobhitTestProjects/podio-php/tests/PodioAppItemFieldTest.php" line="64" assertions="1" time="0.000792"/>
        <testcase name="test_can_set_value_from_hash" class="Podio\Tests\PodioAppItemFieldTest" classname="Podio.Tests.PodioAppItemFieldTest" file="/Users/shobhitsingh/ShobhitTestProjects/podio-php/tests/PodioAppItemFieldTest.php" line="73" assertions="1" time="0.000563"/>
        <testcase name="test_can_set_value_from_array_of_objects" class="Podio\Tests\PodioAppItemFieldTest" classname="Podio.Tests.PodioAppItemFieldTest" file="/Users/shobhitsingh/ShobhitTestProjects/podio-php/tests/PodioAppItemFieldTest.php" line="81" assertions="1" time="0.001092"/>
        <testcase name="test_can_set_value_from_array_of_hashes" class="Podio\Tests\PodioAppItemFieldTest" classname="Podio.Tests.PodioAppItemFieldTest" file="/Users/shobhitsingh/ShobhitTestProjects/podio-php/tests/PodioAppItemFieldTest.php" line="93" assertions="1" time="0.000488"/>
        <testcase name="test_can_set_values_from_empty_array" class="Podio\Tests\PodioAppItemFieldTest" classname="Podio.Tests.PodioAppItemFieldTest" file="/Users/shobhitsingh/ShobhitTestProjects/podio-php/tests/PodioAppItemFieldTest.php" line="105" assertions="1" time="0.000509"/>
        <testcase name="test_can_humanize_value" class="Podio\Tests\PodioAppItemFieldTest" classname="Podio.Tests.PodioAppItemFieldTest" file="/Users/shobhitsingh/ShobhitTestProjects/podio-php/tests/PodioAppItemFieldTest.php" line="111" assertions="2" time="0.001518"/>
        <testcase name="test_can_convert_to_api_friendly_json" class="Podio\Tests\PodioAppItemFieldTest" classname="Podio.Tests.PodioAppItemFieldTest" file="/Users/shobhitsingh/ShobhitTestProjects/podio-php/tests/PodioAppItemFieldTest.php" line="121" assertions="2" time="0.001504"/>
      </testsuite>
      <testsuite name="Podio\Tests\PodioAppTest" file="/Users/shobhitsingh/ShobhitTestProjects/podio-php/tests/PodioAppTest.php" tests="2" assertions="3" errors="0" warnings="0" failures="0" skipped="0" time="0.110304">
        <testcase name="test_performance_large_app" class="Podio\Tests\PodioAppTest" classname="Podio.Tests.PodioAppTest" file="/Users/shobhitsingh/ShobhitTestProjects/podio-php/tests/PodioAppTest.php" line="10" assertions="1" time="0.109154"/>
        <testcase name="test_app_with_id" class="Podio\Tests\PodioAppTest" classname="Podio.Tests.PodioAppTest" file="/Users/shobhitsingh/ShobhitTestProjects/podio-php/tests/PodioAppTest.php" line="20" assertions="2" time="0.001151"/>
      </testsuite>
      <testsuite name="Podio\Tests\PodioAssetItemFieldTest" file="/Users/shobhitsingh/ShobhitTestProjects/podio-php/tests/PodioAssetItemFieldTest.php" tests="10" assertions="17" errors="0" warnings="0" failures="0" skipped="0" time="0.008121">
        <testcase name="test_can_construct_from_simple_value" class="Podio\Tests\PodioAssetItemFieldTest" classname="Podio.Tests.PodioAssetItemFieldTest" file="/Users/shobhitsingh/ShobhitTestProjects/podio-php/tests/PodioAssetItemFieldTest.php" line="31" assertions="1" time="0.000825"/>
        <testcase name="test_can_provide_value" class="Podio\Tests\PodioAssetItemFieldTest" classname="Podio.Tests.PodioAssetItemFieldTest" file="/Users/shobhitsingh/ShobhitTestProjects/podio-php/tests/PodioAssetItemFieldTest.php" line="42" assertions="6" time="0.001621"/>
        <testcase name="test_can_set_value_from_object" class="Podio\Tests\PodioAssetItemFieldTest" classname="Podio.Tests.PodioAssetItemFieldTest" file="/Users/shobhitsingh/ShobhitTestProjects/podio-php/tests/PodioAssetItemFieldTest.php" line="56" assertions="1" time="0.000691"/>
        <testcase name="test_can_set_value_from_collection" class="Podio\Tests\PodioAssetItemFieldTest" classname="Podio.Tests.PodioAssetItemFieldTest" file="/Users/shobhitsingh/ShobhitTestProjects/podio-php/tests/PodioAssetItemFieldTest.php" line="64" assertions="1" time="0.000670"/>
        <testcase name="test_can_set_value_from_hash" class="Podio\Tests\PodioAssetItemFieldTest" classname="Podio.Tests.PodioAssetItemFieldTest" file="/Users/shobhitsingh/ShobhitTestProjects/podio-php/tests/PodioAssetItemFieldTest.php" line="73" assertions="1" time="0.000514"/>
        <testcase name="test_can_set_value_from_array_of_objects" class="Podio\Tests\PodioAssetItemFieldTest" classname="Podio.Tests.PodioAssetItemFieldTest" file="/Users/shobhitsingh/ShobhitTestProjects/podio-php/tests/PodioAssetItemFieldTest.php" line="81" assertions="1" time="0.000755"/>
        <testcase name="test_can_set_value_from_array_of_hashes" class="Podio\Tests\PodioAssetItemFieldTest" classname="Podio.Tests.PodioAssetItemFieldTest" file="/Users/shobhitsingh/ShobhitTestProjects/podio-php/tests/PodioAssetItemFieldTest.php" line="93" assertions="1" time="0.000530"/>
        <testcase name="test_can_set_value_from_empty_array" class="Podio\Tests\PodioAssetItemFieldTest" classname="Podio.Tests.PodioAssetItemFieldTest" file="/Users/shobhitsingh/ShobhitTestProjects/podio-php/tests/PodioAssetItemFieldTest.php" line="105" assertions="1" time="0.000453"/>
        <testcase name="test_can_humanize_value" class="Podio\Tests\PodioAssetItemFieldTest" classname="Podio.Tests.PodioAssetItemFieldTest" file="/Users/shobhitsingh/ShobhitTestProjects/podio-php/tests/PodioAssetItemFieldTest.php" line="111" assertions="2" time="0.001020"/>
        <testcase name="test_can_convert_to_api_friendly_json" class="Podio\Tests\PodioAssetItemFieldTest" classname="Podio.Tests.PodioAssetItemFieldTest" file="/Users/shobhitsingh/ShobhitTestProjects/podio-php/tests/PodioAssetItemFieldTest.php" line="121" assertions="2" time="0.001043"/>
      </testsuite>
      <testsuite name="Podio\Tests\PodioCalculationItemFieldTest" file="/Users/shobhitsingh/ShobhitTestProjects/podio-php/tests/PodioCalculationItemFieldTest.php" tests="4" assertions="12" errors="0" warnings="0" failures="0" skipped="0" time="0.002931">
        <testcase name="test_can_provide_value" class="Podio\Tests\PodioCalculationItemFieldTest" classname="Podio.Tests.PodioCalculationItemFieldTest" file="/Users/shobhitsingh/ShobhitTestProjects/podio-php/tests/PodioCalculationItemFieldTest.php" line="63" assertions="4" time="0.000937"/>
        <testcase name="test_cannot_modify_value" class="Podio\Tests\PodioCalculationItemFieldTest" classname="Podio.Tests.PodioCalculationItemFieldTest" file="/Users/shobhitsingh/ShobhitTestProjects/podio-php/tests/PodioCalculationItemFieldTest.php" line="78" assertions="1" time="0.000716"/>
        <testcase name="test_can_humanize_value" class="Podio\Tests\PodioCalculationItemFieldTest" classname="Podio.Tests.PodioCalculationItemFieldTest" file="/Users/shobhitsingh/ShobhitTestProjects/podio-php/tests/PodioCalculationItemFieldTest.php" line="84" assertions="3" time="0.000634"/>
        <testcase name="test_can_convert_to_api_friendly_json" class="Podio\Tests\PodioCalculationItemFieldTest" classname="Podio.Tests.PodioCalculationItemFieldTest" file="/Users/shobhitsingh/ShobhitTestProjects/podio-php/tests/PodioCalculationItemFieldTest.php" line="92" assertions="4" time="0.000644"/>
      </testsuite>
      <testsuite name="Podio\Tests\PodioCategoryItemFieldTest" file="/Users/shobhitsingh/ShobhitTestProjects/podio-php/tests/PodioCategoryItemFieldTest.php" tests="10" assertions="13" errors="0" warnings="0" failures="0" skipped="0" time="0.005890">
        <testcase name="test_can_construct_from_simple_value" class="Podio\Tests\PodioCategoryItemFieldTest" classname="Podio.Tests.PodioCategoryItemFieldTest" file="/Users/shobhitsingh/ShobhitTestProjects/podio-php/tests/PodioCategoryItemFieldTest.php" line="30" assertions="1" time="0.000744"/>
        <testcase name="test_can_provide_value" class="Podio\Tests\PodioCategoryItemFieldTest" classname="Podio.Tests.PodioCategoryItemFieldTest" file="/Users/shobhitsingh/ShobhitTestProjects/podio-php/tests/PodioCategoryItemFieldTest.php" line="39" assertions="2" time="0.000623"/>
        <testcase name="test_can_set_values_from_id" class="Podio\Tests\PodioCategoryItemFieldTest" classname="Podio.Tests.PodioCategoryItemFieldTest" file="/Users/shobhitsingh/ShobhitTestProjects/podio-php/tests/PodioCategoryItemFieldTest.php" line="53" assertions="1" time="0.000572"/>
        <testcase name="test_can_set_values_from_array" class="Podio\Tests\PodioCategoryItemFieldTest" classname="Podio.Tests.PodioCategoryItemFieldTest" file="/Users/shobhitsingh/ShobhitTestProjects/podio-php/tests/PodioCategoryItemFieldTest.php" line="59" assertions="1" time="0.000551"/>
        <testcase name="test_can_set_values_from_empty_array" class="Podio\Tests\PodioCategoryItemFieldTest" classname="Podio.Tests.PodioCategoryItemFieldTest" file="/Users/shobhitsingh/ShobhitTestProjects/podio-php/tests/PodioCategoryItemFieldTest.php" line="65" assertions="1" time="0.000488"/>
        <testcase name="test_can_set_values_from_hash" class="Podio\Tests\PodioCategoryItemFieldTest" classname="Podio.Tests.PodioCategoryItemFieldTest" file="/Users/shobhitsingh/ShobhitTestProjects/podio-php/tests/PodioCategoryItemFieldTest.php" line="71" assertions="1" time="0.000564"/>
        <testcase name="test_can_add_value_from_id" class="Podio\Tests\PodioCategoryItemFieldTest" classname="Podio.Tests.PodioCategoryItemFieldTest" file="/Users/shobhitsingh/ShobhitTestProjects/podio-php/tests/PodioCategoryItemFieldTest.php" line="84" assertions="1" time="0.000545"/>
        <testcase name="test_can_add_value_from_hash" class="Podio\Tests\PodioCategoryItemFieldTest" classname="Podio.Tests.PodioCategoryItemFieldTest" file="/Users/shobhitsingh/ShobhitTestProjects/podio-php/tests/PodioCategoryItemFieldTest.php" line="95" assertions="1" time="0.000552"/>
        <testcase name="test_can_humanize_value" class="Podio\Tests\PodioCategoryItemFieldTest" classname="Podio.Tests.PodioCategoryItemFieldTest" file="/Users/shobhitsingh/ShobhitTestProjects/podio-php/tests/PodioCategoryItemFieldTest.php" line="106" assertions="2" time="0.000638"/>
        <testcase name="test_can_convert_to_api_friendly_json" class="Podio\Tests\PodioCategoryItemFieldTest" classname="Podio.Tests.PodioCategoryItemFieldTest" file="/Users/shobhitsingh/ShobhitTestProjects/podio-php/tests/PodioCategoryItemFieldTest.php" line="116" assertions="2" time="0.000615"/>
      </testsuite>
      <testsuite name="Podio\Tests\PodioClientTest" file="/Users/shobhitsingh/ShobhitTestProjects/podio-php/tests/PodioClientTest.php" tests="5" assertions="5" errors="0" warnings="0" failures="0" skipped="0" time="0.030550">
        <testcase name="testDebugToStdOut" class="Podio\Tests\PodioClientTest" classname="Podio.Tests.PodioClientTest" file="/Users/shobhitsingh/ShobhitTestProjects/podio-php/tests/PodioClientTest.php" line="12" assertions="1" time="0.026583"/>
        <testcase name="test_url_with_options_for_known_options" class="Podio\Tests\PodioClientTest" classname="Podio.Tests.PodioClientTest" file="/Users/shobhitsingh/ShobhitTestProjects/podio-php/tests/PodioClientTest.php" line="25" assertions="1" time="0.000554"/>
        <testcase name="test_url_with_options_ignores_unknown_options" class="Podio\Tests\PodioClientTest" classname="Podio.Tests.PodioClientTest" file="/Users/shobhitsingh/ShobhitTestProjects/podio-php/tests/PodioClientTest.php" line="32" assertions="1" time="0.000480"/>
        <testcase name="test_clear_authentication_clears_oauth" class="Podio\Tests\PodioClientTest" classname="Podio.Tests.PodioClientTest" file="/Users/shobhitsingh/ShobhitTestProjects/podio-php/tests/PodioClientTest.php" line="39" assertions="1" time="0.000926"/>
        <testcase name="test_clear_authentication_sets_session_manger_auth" class="Podio\Tests\PodioClientTest" classname="Podio.Tests.PodioClientTest" file="/Users/shobhitsingh/ShobhitTestProjects/podio-php/tests/PodioClientTest.php" line="49" assertions="1" time="0.002007"/>
      </testsuite>
      <testsuite name="Podio\Tests\PodioCollectionTest" file="/Users/shobhitsingh/ShobhitTestProjects/podio-php/tests/PodioCollectionTest.php" tests="13" assertions="29" errors="0" warnings="0" failures="0" skipped="0" time="0.014776">
        <testcase name="test_can_get_by_offset" class="Podio\Tests\PodioCollectionTest" classname="Podio.Tests.PodioCollectionTest" file="/Users/shobhitsingh/ShobhitTestProjects/podio-php/tests/PodioCollectionTest.php" line="37" assertions="1" time="0.001002"/>
        <testcase name="test_can_iterate" class="Podio\Tests\PodioCollectionTest" classname="Podio.Tests.PodioCollectionTest" file="/Users/shobhitsingh/ShobhitTestProjects/podio-php/tests/PodioCollectionTest.php" line="43" assertions="3" time="0.001099"/>
        <testcase name="test_can_provide_length" class="Podio\Tests\PodioCollectionTest" classname="Podio.Tests.PodioCollectionTest" file="/Users/shobhitsingh/ShobhitTestProjects/podio-php/tests/PodioCollectionTest.php" line="51" assertions="1" time="0.001076"/>
        <testcase name="test_can_check_existence" class="Podio\Tests\PodioCollectionTest" classname="Podio.Tests.PodioCollectionTest" file="/Users/shobhitsingh/ShobhitTestProjects/podio-php/tests/PodioCollectionTest.php" line="56" assertions="2" time="0.001755"/>
        <testcase name="test_cannot_add_string" class="Podio\Tests\PodioCollectionTest" classname="Podio.Tests.PodioCollectionTest" file="/Users/shobhitsingh/ShobhitTestProjects/podio-php/tests/PodioCollectionTest.php" line="62" assertions="1" time="0.001081"/>
        <testcase name="test_can_add_object" class="Podio\Tests\PodioCollectionTest" classname="Podio.Tests.PodioCollectionTest" file="/Users/shobhitsingh/ShobhitTestProjects/podio-php/tests/PodioCollectionTest.php" line="68" assertions="1" time="0.001055"/>
        <testcase name="test_can_remove_by_offset" class="Podio\Tests\PodioCollectionTest" classname="Podio.Tests.PodioCollectionTest" file="/Users/shobhitsingh/ShobhitTestProjects/podio-php/tests/PodioCollectionTest.php" line="76" assertions="2" time="0.001055"/>
        <testcase name="test_cannot_access_by_id_after_remove_by_offset" class="Podio\Tests\PodioCollectionTest" classname="Podio.Tests.PodioCollectionTest" file="/Users/shobhitsingh/ShobhitTestProjects/podio-php/tests/PodioCollectionTest.php" line="83" assertions="4" time="0.001134"/>
        <testcase name="test_can_remove_by_id" class="Podio\Tests\PodioCollectionTest" classname="Podio.Tests.PodioCollectionTest" file="/Users/shobhitsingh/ShobhitTestProjects/podio-php/tests/PodioCollectionTest.php" line="92" assertions="2" time="0.001164"/>
        <testcase name="test_can_remove_by_external_id" class="Podio\Tests\PodioCollectionTest" classname="Podio.Tests.PodioCollectionTest" file="/Users/shobhitsingh/ShobhitTestProjects/podio-php/tests/PodioCollectionTest.php" line="99" assertions="2" time="0.001166"/>
        <testcase name="test_can_get_by_id" class="Podio\Tests\PodioCollectionTest" classname="Podio.Tests.PodioCollectionTest" file="/Users/shobhitsingh/ShobhitTestProjects/podio-php/tests/PodioCollectionTest.php" line="106" assertions="1" time="0.001073"/>
        <testcase name="test_can_get_by_external_id" class="Podio\Tests\PodioCollectionTest" classname="Podio.Tests.PodioCollectionTest" file="/Users/shobhitsingh/ShobhitTestProjects/podio-php/tests/PodioCollectionTest.php" line="111" assertions="1" time="0.001070"/>
        <testcase name="test_can_add_relationship" class="Podio\Tests\PodioCollectionTest" classname="Podio.Tests.PodioCollectionTest" file="/Users/shobhitsingh/ShobhitTestProjects/podio-php/tests/PodioCollectionTest.php" line="116" assertions="8" time="0.001047"/>
      </testsuite>
      <testsuite name="Podio\Tests\PodioCommentTest" file="/Users/shobhitsingh/ShobhitTestProjects/podio-php/tests/PodioCommentTest.php" tests="1" assertions="2" errors="0" warnings="0" failures="0" skipped="0" time="0.000951">
        <testcase name="test__construct" class="Podio\Tests\PodioCommentTest" classname="Podio.Tests.PodioCommentTest" file="/Users/shobhitsingh/ShobhitTestProjects/podio-php/tests/PodioCommentTest.php" line="10" assertions="2" time="0.000951"/>
      </testsuite>
      <testsuite name="Podio\Tests\PodioContactItemFieldTest" file="/Users/shobhitsingh/ShobhitTestProjects/podio-php/tests/PodioContactItemFieldTest.php" tests="10" assertions="17" errors="0" warnings="0" failures="0" skipped="0" time="0.010741">
        <testcase name="test_can_construct_from_simple_value" class="Podio\Tests\PodioContactItemFieldTest" classname="Podio.Tests.PodioContactItemFieldTest" file="/Users/shobhitsingh/ShobhitTestProjects/podio-php/tests/PodioContactItemFieldTest.php" line="31" assertions="1" time="0.001268"/>
        <testcase name="test_can_provide_value" class="Podio\Tests\PodioContactItemFieldTest" classname="Podio.Tests.PodioContactItemFieldTest" file="/Users/shobhitsingh/ShobhitTestProjects/podio-php/tests/PodioContactItemFieldTest.php" line="42" assertions="6" time="0.002251"/>
        <testcase name="test_can_set_value_from_object" class="Podio\Tests\PodioContactItemFieldTest" classname="Podio.Tests.PodioContactItemFieldTest" file="/Users/shobhitsingh/ShobhitTestProjects/podio-php/tests/PodioContactItemFieldTest.php" line="56" assertions="1" time="0.000872"/>
        <testcase name="test_can_set_value_from_collection" class="Podio\Tests\PodioContactItemFieldTest" classname="Podio.Tests.PodioContactItemFieldTest" file="/Users/shobhitsingh/ShobhitTestProjects/podio-php/tests/PodioContactItemFieldTest.php" line="64" assertions="1" time="0.000899"/>
        <testcase name="test_can_set_value_from_hash" class="Podio\Tests\PodioContactItemFieldTest" classname="Podio.Tests.PodioContactItemFieldTest" file="/Users/shobhitsingh/ShobhitTestProjects/podio-php/tests/PodioContactItemFieldTest.php" line="78" assertions="1" time="0.000610"/>
        <testcase name="test_can_set_value_from_array_of_objects" class="Podio\Tests\PodioContactItemFieldTest" classname="Podio.Tests.PodioContactItemFieldTest" file="/Users/shobhitsingh/ShobhitTestProjects/podio-php/tests/PodioContactItemFieldTest.php" line="86" assertions="1" time="0.000924"/>
        <testcase name="test_can_set_value_from_array_of_hashes" class="Podio\Tests\PodioContactItemFieldTest" classname="Podio.Tests.PodioContactItemFieldTest" file="/Users/shobhitsingh/ShobhitTestProjects/podio-php/tests/PodioContactItemFieldTest.php" line="98" assertions="1" time="0.000562"/>
        <testcase name="test_can_set_value_from_empty_array" class="Podio\Tests\PodioContactItemFieldTest" classname="Podio.Tests.PodioContactItemFieldTest" file="/Users/shobhitsingh/ShobhitTestProjects/podio-php/tests/PodioContactItemFieldTest.php" line="110" assertions="1" time="0.000598"/>
        <testcase name="test_can_humanize_value" class="Podio\Tests\PodioContactItemFieldTest" classname="Podio.Tests.PodioContactItemFieldTest" file="/Users/shobhitsingh/ShobhitTestProjects/podio-php/tests/PodioContactItemFieldTest.php" line="116" assertions="2" time="0.001418"/>
        <testcase name="test_can_convert_to_api_friendly_json" class="Podio\Tests\PodioContactItemFieldTest" classname="Podio.Tests.PodioContactItemFieldTest" file="/Users/shobhitsingh/ShobhitTestProjects/podio-php/tests/PodioContactItemFieldTest.php" line="126" assertions="2" time="0.001340"/>
      </testsuite>
      <testsuite name="Podio\Tests\PodioContactTest" file="/Users/shobhitsingh/ShobhitTestProjects/podio-php/tests/PodioContactTest.php" tests="2" assertions="7" errors="0" warnings="0" failures="0" skipped="0" time="0.002719">
        <testcase name="testGetWithSingleProfileId" class="Podio\Tests\PodioContactTest" classname="Podio.Tests.PodioContactTest" file="/Users/shobhitsingh/ShobhitTestProjects/podio-php/tests/PodioContactTest.php" line="10" assertions="2" time="0.001787"/>
        <testcase name="testGetWithMultipleProfileIds" class="Podio\Tests\PodioContactTest" classname="Podio.Tests.PodioContactTest" file="/Users/shobhitsingh/ShobhitTestProjects/podio-php/tests/PodioContactTest.php" line="21" assertions="5" time="0.000932"/>
      </testsuite>
      <testsuite name="Podio\Tests\PodioConversationMessageTest" file="/Users/shobhitsingh/ShobhitTestProjects/podio-php/tests/PodioConversationMessageTest.php" tests="1" assertions="2" errors="0" warnings="0" failures="0" skipped="0" time="0.000733">
        <testcase name="test__construct" class="Podio\Tests\PodioConversationMessageTest" classname="Podio.Tests.PodioConversationMessageTest" file="/Users/shobhitsingh/ShobhitTestProjects/podio-php/tests/PodioConversationMessageTest.php" line="10" assertions="2" time="0.000733"/>
      </testsuite>
      <testsuite name="Podio\Tests\PodioConversationTest" file="/Users/shobhitsingh/ShobhitTestProjects/podio-php/tests/PodioConversationTest.php" tests="1" assertions="2" errors="0" warnings="0" failures="0" skipped="0" time="0.000805">
        <testcase name="test__construct" class="Podio\Tests\PodioConversationTest" classname="Podio.Tests.PodioConversationTest" file="/Users/shobhitsingh/ShobhitTestProjects/podio-php/tests/PodioConversationTest.php" line="10" assertions="2" time="0.000805"/>
      </testsuite>
      <testsuite name="Podio\Tests\PodioDateItemFieldTest" file="/Users/shobhitsingh/ShobhitTestProjects/podio-php/tests/PodioDateItemFieldTest.php" tests="32" assertions="123" errors="0" warnings="0" failures="0" skipped="0" time="0.036357">
        <testcase name="test_can_construct_from_simple_value" class="Podio\Tests\PodioDateItemFieldTest" classname="Podio.Tests.PodioDateItemFieldTest" file="/Users/shobhitsingh/ShobhitTestProjects/podio-php/tests/PodioDateItemFieldTest.php" line="147" assertions="1" time="0.001534"/>
        <testcase name="test_can_provide_values" class="Podio\Tests\PodioDateItemFieldTest" classname="Podio.Tests.PodioDateItemFieldTest" file="/Users/shobhitsingh/ShobhitTestProjects/podio-php/tests/PodioDateItemFieldTest.php" line="163" assertions="22" time="0.001834"/>
        <testcase name="test_can_provide_start_datetime" class="Podio\Tests\PodioDateItemFieldTest" classname="Podio.Tests.PodioDateItemFieldTest" file="/Users/shobhitsingh/ShobhitTestProjects/podio-php/tests/PodioDateItemFieldTest.php" line="196" assertions="7" time="0.001075"/>
        <testcase name="test_can_provide_start_date" class="Podio\Tests\PodioDateItemFieldTest" classname="Podio.Tests.PodioDateItemFieldTest" file="/Users/shobhitsingh/ShobhitTestProjects/podio-php/tests/PodioDateItemFieldTest.php" line="207" assertions="7" time="0.001016"/>
        <testcase name="test_can_provide_start_time" class="Podio\Tests\PodioDateItemFieldTest" classname="Podio.Tests.PodioDateItemFieldTest" file="/Users/shobhitsingh/ShobhitTestProjects/podio-php/tests/PodioDateItemFieldTest.php" line="218" assertions="7" time="0.000917"/>
        <testcase name="test_can_provide_end_datetime" class="Podio\Tests\PodioDateItemFieldTest" classname="Podio.Tests.PodioDateItemFieldTest" file="/Users/shobhitsingh/ShobhitTestProjects/podio-php/tests/PodioDateItemFieldTest.php" line="229" assertions="7" time="0.001041"/>
        <testcase name="test_can_provide_end_date" class="Podio\Tests\PodioDateItemFieldTest" classname="Podio.Tests.PodioDateItemFieldTest" file="/Users/shobhitsingh/ShobhitTestProjects/podio-php/tests/PodioDateItemFieldTest.php" line="240" assertions="7" time="0.001015"/>
        <testcase name="test_can_provide_end_time" class="Podio\Tests\PodioDateItemFieldTest" classname="Podio.Tests.PodioDateItemFieldTest" file="/Users/shobhitsingh/ShobhitTestProjects/podio-php/tests/PodioDateItemFieldTest.php" line="251" assertions="7" time="0.000947"/>
        <testcase name="test_can_provide_sameday" class="Podio\Tests\PodioDateItemFieldTest" classname="Podio.Tests.PodioDateItemFieldTest" file="/Users/shobhitsingh/ShobhitTestProjects/podio-php/tests/PodioDateItemFieldTest.php" line="262" assertions="7" time="0.001445"/>
        <testcase name="test_can_provide_allday" class="Podio\Tests\PodioDateItemFieldTest" classname="Podio.Tests.PodioDateItemFieldTest" file="/Users/shobhitsingh/ShobhitTestProjects/podio-php/tests/PodioDateItemFieldTest.php" line="273" assertions="7" time="0.001178"/>
        <testcase name="test_can_set_value_from_strings" class="Podio\Tests\PodioDateItemFieldTest" classname="Podio.Tests.PodioDateItemFieldTest" file="/Users/shobhitsingh/ShobhitTestProjects/podio-php/tests/PodioDateItemFieldTest.php" line="284" assertions="6" time="0.001053"/>
        <testcase name="test_can_set_value_from_objects" class="Podio\Tests\PodioDateItemFieldTest" classname="Podio.Tests.PodioDateItemFieldTest" file="/Users/shobhitsingh/ShobhitTestProjects/podio-php/tests/PodioDateItemFieldTest.php" line="365" assertions="6" time="0.001032"/>
        <testcase name="test_can_set_start_from_string" class="Podio\Tests\PodioDateItemFieldTest" classname="Podio.Tests.PodioDateItemFieldTest" file="/Users/shobhitsingh/ShobhitTestProjects/podio-php/tests/PodioDateItemFieldTest.php" line="447" assertions="1" time="0.000936"/>
        <testcase name="test_can_set_start_date_from_string" class="Podio\Tests\PodioDateItemFieldTest" classname="Podio.Tests.PodioDateItemFieldTest" file="/Users/shobhitsingh/ShobhitTestProjects/podio-php/tests/PodioDateItemFieldTest.php" line="460" assertions="1" time="0.000873"/>
        <testcase name="test_can_set_start_time_from_string" class="Podio\Tests\PodioDateItemFieldTest" classname="Podio.Tests.PodioDateItemFieldTest" file="/Users/shobhitsingh/ShobhitTestProjects/podio-php/tests/PodioDateItemFieldTest.php" line="473" assertions="1" time="0.000929"/>
        <testcase name="test_can_set_start_from_object" class="Podio\Tests\PodioDateItemFieldTest" classname="Podio.Tests.PodioDateItemFieldTest" file="/Users/shobhitsingh/ShobhitTestProjects/podio-php/tests/PodioDateItemFieldTest.php" line="486" assertions="1" time="0.000911"/>
        <testcase name="test_can_set_start_from_object_in_timezone" class="Podio\Tests\PodioDateItemFieldTest" classname="Podio.Tests.PodioDateItemFieldTest" file="/Users/shobhitsingh/ShobhitTestProjects/podio-php/tests/PodioDateItemFieldTest.php" line="501" assertions="1" time="0.000863"/>
        <testcase name="test_can_remove_start_time" class="Podio\Tests\PodioDateItemFieldTest" classname="Podio.Tests.PodioDateItemFieldTest" file="/Users/shobhitsingh/ShobhitTestProjects/podio-php/tests/PodioDateItemFieldTest.php" line="516" assertions="1" time="0.001077"/>
        <testcase name="test_can_remove_start_date" class="Podio\Tests\PodioDateItemFieldTest" classname="Podio.Tests.PodioDateItemFieldTest" file="/Users/shobhitsingh/ShobhitTestProjects/podio-php/tests/PodioDateItemFieldTest.php" line="529" assertions="1" time="0.001287"/>
        <testcase name="test_can_set_start_date_from_object" class="Podio\Tests\PodioDateItemFieldTest" classname="Podio.Tests.PodioDateItemFieldTest" file="/Users/shobhitsingh/ShobhitTestProjects/podio-php/tests/PodioDateItemFieldTest.php" line="542" assertions="1" time="0.001116"/>
        <testcase name="test_can_set_start_time_from_object" class="Podio\Tests\PodioDateItemFieldTest" classname="Podio.Tests.PodioDateItemFieldTest" file="/Users/shobhitsingh/ShobhitTestProjects/podio-php/tests/PodioDateItemFieldTest.php" line="557" assertions="1" time="0.001059"/>
        <testcase name="test_can_set_end_from_string" class="Podio\Tests\PodioDateItemFieldTest" classname="Podio.Tests.PodioDateItemFieldTest" file="/Users/shobhitsingh/ShobhitTestProjects/podio-php/tests/PodioDateItemFieldTest.php" line="572" assertions="1" time="0.001217"/>
        <testcase name="test_can_set_end_date_from_string" class="Podio\Tests\PodioDateItemFieldTest" classname="Podio.Tests.PodioDateItemFieldTest" file="/Users/shobhitsingh/ShobhitTestProjects/podio-php/tests/PodioDateItemFieldTest.php" line="585" assertions="1" time="0.001200"/>
        <testcase name="test_can_set_end_time_from_string" class="Podio\Tests\PodioDateItemFieldTest" classname="Podio.Tests.PodioDateItemFieldTest" file="/Users/shobhitsingh/ShobhitTestProjects/podio-php/tests/PodioDateItemFieldTest.php" line="598" assertions="1" time="0.001250"/>
        <testcase name="test_can_remove_end_time" class="Podio\Tests\PodioDateItemFieldTest" classname="Podio.Tests.PodioDateItemFieldTest" file="/Users/shobhitsingh/ShobhitTestProjects/podio-php/tests/PodioDateItemFieldTest.php" line="611" assertions="1" time="0.000944"/>
        <testcase name="test_can_remove_end_date" class="Podio\Tests\PodioDateItemFieldTest" classname="Podio.Tests.PodioDateItemFieldTest" file="/Users/shobhitsingh/ShobhitTestProjects/podio-php/tests/PodioDateItemFieldTest.php" line="624" assertions="1" time="0.000937"/>
        <testcase name="test_can_set_end_from_object" class="Podio\Tests\PodioDateItemFieldTest" classname="Podio.Tests.PodioDateItemFieldTest" file="/Users/shobhitsingh/ShobhitTestProjects/podio-php/tests/PodioDateItemFieldTest.php" line="637" assertions="1" time="0.000831"/>
        <testcase name="test_can_set_end_from_object_in_timezone" class="Podio\Tests\PodioDateItemFieldTest" classname="Podio.Tests.PodioDateItemFieldTest" file="/Users/shobhitsingh/ShobhitTestProjects/podio-php/tests/PodioDateItemFieldTest.php" line="652" assertions="1" time="0.000905"/>
        <testcase name="test_can_set_end_date_from_object" class="Podio\Tests\PodioDateItemFieldTest" classname="Podio.Tests.PodioDateItemFieldTest" file="/Users/shobhitsingh/ShobhitTestProjects/podio-php/tests/PodioDateItemFieldTest.php" line="667" assertions="1" time="0.000894"/>
        <testcase name="test_can_set_end_time_from_object" class="Podio\Tests\PodioDateItemFieldTest" classname="Podio.Tests.PodioDateItemFieldTest" file="/Users/shobhitsingh/ShobhitTestProjects/podio-php/tests/PodioDateItemFieldTest.php" line="682" assertions="1" time="0.001081"/>
        <testcase name="test_can_humanize_value" class="Podio\Tests\PodioDateItemFieldTest" classname="Podio.Tests.PodioDateItemFieldTest" file="/Users/shobhitsingh/ShobhitTestProjects/podio-php/tests/PodioDateItemFieldTest.php" line="697" assertions="7" time="0.001920"/>
        <testcase name="test_can_convert_to_api_friendly_json" class="Podio\Tests\PodioDateItemFieldTest" classname="Podio.Tests.PodioDateItemFieldTest" file="/Users/shobhitsingh/ShobhitTestProjects/podio-php/tests/PodioDateItemFieldTest.php" line="708" assertions="7" time="0.002039"/>
      </testsuite>
      <testsuite name="Podio\Tests\PodioDurationItemFieldTest" file="/Users/shobhitsingh/ShobhitTestProjects/podio-php/tests/PodioDurationItemFieldTest.php" tests="8" assertions="14" errors="0" warnings="0" failures="0" skipped="0" time="0.005076">
        <testcase name="test_can_construct_from_simple_value" class="Podio\Tests\PodioDurationItemFieldTest" classname="Podio.Tests.PodioDurationItemFieldTest" file="/Users/shobhitsingh/ShobhitTestProjects/podio-php/tests/PodioDurationItemFieldTest.php" line="37" assertions="1" time="0.001191"/>
        <testcase name="test_can_provide_value" class="Podio\Tests\PodioDurationItemFieldTest" classname="Podio.Tests.PodioDurationItemFieldTest" file="/Users/shobhitsingh/ShobhitTestProjects/podio-php/tests/PodioDurationItemFieldTest.php" line="46" assertions="2" time="0.000577"/>
        <testcase name="test_can_provide_hours" class="Podio\Tests\PodioDurationItemFieldTest" classname="Podio.Tests.PodioDurationItemFieldTest" file="/Users/shobhitsingh/ShobhitTestProjects/podio-php/tests/PodioDurationItemFieldTest.php" line="52" assertions="2" time="0.000596"/>
        <testcase name="test_can_provide_minutes" class="Podio\Tests\PodioDurationItemFieldTest" classname="Podio.Tests.PodioDurationItemFieldTest" file="/Users/shobhitsingh/ShobhitTestProjects/podio-php/tests/PodioDurationItemFieldTest.php" line="58" assertions="2" time="0.000579"/>
        <testcase name="test_can_provide_seconds" class="Podio\Tests\PodioDurationItemFieldTest" classname="Podio.Tests.PodioDurationItemFieldTest" file="/Users/shobhitsingh/ShobhitTestProjects/podio-php/tests/PodioDurationItemFieldTest.php" line="64" assertions="2" time="0.000508"/>
        <testcase name="test_can_set_value" class="Podio\Tests\PodioDurationItemFieldTest" classname="Podio.Tests.PodioDurationItemFieldTest" file="/Users/shobhitsingh/ShobhitTestProjects/podio-php/tests/PodioDurationItemFieldTest.php" line="70" assertions="1" time="0.000539"/>
        <testcase name="test_can_humanize_value" class="Podio\Tests\PodioDurationItemFieldTest" classname="Podio.Tests.PodioDurationItemFieldTest" file="/Users/shobhitsingh/ShobhitTestProjects/podio-php/tests/PodioDurationItemFieldTest.php" line="76" assertions="2" time="0.000559"/>
        <testcase name="test_can_convert_to_api_friendly_json" class="Podio\Tests\PodioDurationItemFieldTest" classname="Podio.Tests.PodioDurationItemFieldTest" file="/Users/shobhitsingh/ShobhitTestProjects/podio-php/tests/PodioDurationItemFieldTest.php" line="82" assertions="2" time="0.000529"/>
      </testsuite>
      <testsuite name="Podio\Tests\PodioEmailItemFieldTest" file="/Users/shobhitsingh/ShobhitTestProjects/podio-php/tests/PodioEmailItemFieldTest.php" tests="4" assertions="7" errors="0" warnings="0" failures="0" skipped="0" time="0.002659">
        <testcase name="test_can_provide_value" class="Podio\Tests\PodioEmailItemFieldTest" classname="Podio.Tests.PodioEmailItemFieldTest" file="/Users/shobhitsingh/ShobhitTestProjects/podio-php/tests/PodioEmailItemFieldTest.php" line="28" assertions="2" time="0.001048"/>
        <testcase name="test_can_set_value_from_hash" class="Podio\Tests\PodioEmailItemFieldTest" classname="Podio.Tests.PodioEmailItemFieldTest" file="/Users/shobhitsingh/ShobhitTestProjects/podio-php/tests/PodioEmailItemFieldTest.php" line="41" assertions="1" time="0.000504"/>
        <testcase name="test_can_humanize_value" class="Podio\Tests\PodioEmailItemFieldTest" classname="Podio.Tests.PodioEmailItemFieldTest" file="/Users/shobhitsingh/ShobhitTestProjects/podio-php/tests/PodioEmailItemFieldTest.php" line="53" assertions="2" time="0.000510"/>
        <testcase name="test_can_convert_to_api_friendly_json" class="Podio\Tests\PodioEmailItemFieldTest" classname="Podio.Tests.PodioEmailItemFieldTest" file="/Users/shobhitsingh/ShobhitTestProjects/podio-php/tests/PodioEmailItemFieldTest.php" line="63" assertions="2" time="0.000596"/>
      </testsuite>
      <testsuite name="Podio\Tests\PodioEmbedItemFieldTest" file="/Users/shobhitsingh/ShobhitTestProjects/podio-php/tests/PodioEmbedItemFieldTest.php" tests="10" assertions="19" errors="0" warnings="0" failures="0" skipped="0" time="0.009221">
        <testcase name="test_can_construct_from_simple_value" class="Podio\Tests\PodioEmbedItemFieldTest" classname="Podio.Tests.PodioEmbedItemFieldTest" file="/Users/shobhitsingh/ShobhitTestProjects/podio-php/tests/PodioEmbedItemFieldTest.php" line="32" assertions="1" time="0.000768"/>
        <testcase name="test_can_provide_value" class="Podio\Tests\PodioEmbedItemFieldTest" classname="Podio.Tests.PodioEmbedItemFieldTest" file="/Users/shobhitsingh/ShobhitTestProjects/podio-php/tests/PodioEmbedItemFieldTest.php" line="43" assertions="8" time="0.001921"/>
        <testcase name="test_can_set_value_from_object" class="Podio\Tests\PodioEmbedItemFieldTest" classname="Podio.Tests.PodioEmbedItemFieldTest" file="/Users/shobhitsingh/ShobhitTestProjects/podio-php/tests/PodioEmbedItemFieldTest.php" line="62" assertions="1" time="0.000813"/>
        <testcase name="test_can_set_value_from_collection" class="Podio\Tests\PodioEmbedItemFieldTest" classname="Podio.Tests.PodioEmbedItemFieldTest" file="/Users/shobhitsingh/ShobhitTestProjects/podio-php/tests/PodioEmbedItemFieldTest.php" line="74" assertions="1" time="0.000646"/>
        <testcase name="test_can_set_value_from_hash" class="Podio\Tests\PodioEmbedItemFieldTest" classname="Podio.Tests.PodioEmbedItemFieldTest" file="/Users/shobhitsingh/ShobhitTestProjects/podio-php/tests/PodioEmbedItemFieldTest.php" line="88" assertions="1" time="0.000529"/>
        <testcase name="test_can_set_value_from_array_of_objects" class="Podio\Tests\PodioEmbedItemFieldTest" classname="Podio.Tests.PodioEmbedItemFieldTest" file="/Users/shobhitsingh/ShobhitTestProjects/podio-php/tests/PodioEmbedItemFieldTest.php" line="96" assertions="1" time="0.000987"/>
        <testcase name="test_can_set_value_from_array_of_hashes" class="Podio\Tests\PodioEmbedItemFieldTest" classname="Podio.Tests.PodioEmbedItemFieldTest" file="/Users/shobhitsingh/ShobhitTestProjects/podio-php/tests/PodioEmbedItemFieldTest.php" line="108" assertions="1" time="0.000506"/>
        <testcase name="test_can_set_value_from_empty_array" class="Podio\Tests\PodioEmbedItemFieldTest" classname="Podio.Tests.PodioEmbedItemFieldTest" file="/Users/shobhitsingh/ShobhitTestProjects/podio-php/tests/PodioEmbedItemFieldTest.php" line="120" assertions="1" time="0.000507"/>
        <testcase name="test_can_humanize_value" class="Podio\Tests\PodioEmbedItemFieldTest" classname="Podio.Tests.PodioEmbedItemFieldTest" file="/Users/shobhitsingh/ShobhitTestProjects/podio-php/tests/PodioEmbedItemFieldTest.php" line="126" assertions="2" time="0.001234"/>
        <testcase name="test_can_convert_to_api_friendly_json" class="Podio\Tests\PodioEmbedItemFieldTest" classname="Podio.Tests.PodioEmbedItemFieldTest" file="/Users/shobhitsingh/ShobhitTestProjects/podio-php/tests/PodioEmbedItemFieldTest.php" line="136" assertions="2" time="0.001311"/>
      </testsuite>
      <testsuite name="Podio\Tests\PodioErrorTest" file="/Users/shobhitsingh/ShobhitTestProjects/podio-php/tests/PodioErrorTest.php" tests="1" assertions="1" errors="0" warnings="0" failures="0" skipped="0" time="0.000971">
        <testcase name="test__constructShouldOutputNoWarningForEmptyBody" class="Podio\Tests\PodioErrorTest" classname="Podio.Tests.PodioErrorTest" file="/Users/shobhitsingh/ShobhitTestProjects/podio-php/tests/PodioErrorTest.php" line="10" assertions="1" time="0.000971"/>
      </testsuite>
      <testsuite name="Podio\Tests\PodioFieldCollectionTest" file="/Users/shobhitsingh/ShobhitTestProjects/podio-php/tests/PodioFieldCollectionTest.php" tests="10" assertions="13" errors="0" warnings="0" failures="0" skipped="0" time="0.006929">
        <testcase name="test_can_get_by_external_id" class="Podio\Tests\PodioFieldCollectionTest" classname="Podio.Tests.PodioFieldCollectionTest" file="/Users/shobhitsingh/ShobhitTestProjects/podio-php/tests/PodioFieldCollectionTest.php" line="28" assertions="1" time="0.000652"/>
        <testcase name="test_can_get_by_external_id_using_get" class="Podio\Tests\PodioFieldCollectionTest" classname="Podio.Tests.PodioFieldCollectionTest" file="/Users/shobhitsingh/ShobhitTestProjects/podio-php/tests/PodioFieldCollectionTest.php" line="34" assertions="1" time="0.000673"/>
        <testcase name="test_can_get_by_field_id" class="Podio\Tests\PodioFieldCollectionTest" classname="Podio.Tests.PodioFieldCollectionTest" file="/Users/shobhitsingh/ShobhitTestProjects/podio-php/tests/PodioFieldCollectionTest.php" line="40" assertions="1" time="0.000661"/>
        <testcase name="test_can_add_field" class="Podio\Tests\PodioFieldCollectionTest" classname="Podio.Tests.PodioFieldCollectionTest" file="/Users/shobhitsingh/ShobhitTestProjects/podio-php/tests/PodioFieldCollectionTest.php" line="46" assertions="1" time="0.000664"/>
        <testcase name="test_cannot_add_object" class="Podio\Tests\PodioFieldCollectionTest" classname="Podio.Tests.PodioFieldCollectionTest" file="/Users/shobhitsingh/ShobhitTestProjects/podio-php/tests/PodioFieldCollectionTest.php" line="54" assertions="1" time="0.000686"/>
        <testcase name="test_can_replace_field" class="Podio\Tests\PodioFieldCollectionTest" classname="Podio.Tests.PodioFieldCollectionTest" file="/Users/shobhitsingh/ShobhitTestProjects/podio-php/tests/PodioFieldCollectionTest.php" line="60" assertions="2" time="0.000860"/>
        <testcase name="test_can_remove_field_by_external_id" class="Podio\Tests\PodioFieldCollectionTest" classname="Podio.Tests.PodioFieldCollectionTest" file="/Users/shobhitsingh/ShobhitTestProjects/podio-php/tests/PodioFieldCollectionTest.php" line="69" assertions="1" time="0.000687"/>
        <testcase name="test_can_check_existence_by_external_id" class="Podio\Tests\PodioFieldCollectionTest" classname="Podio.Tests.PodioFieldCollectionTest" file="/Users/shobhitsingh/ShobhitTestProjects/podio-php/tests/PodioFieldCollectionTest.php" line="77" assertions="2" time="0.000665"/>
        <testcase name="test_can_list_external_ids" class="Podio\Tests\PodioFieldCollectionTest" classname="Podio.Tests.PodioFieldCollectionTest" file="/Users/shobhitsingh/ShobhitTestProjects/podio-php/tests/PodioFieldCollectionTest.php" line="83" assertions="1" time="0.000671"/>
        <testcase name="test_can_list_readonly_fields" class="Podio\Tests\PodioFieldCollectionTest" classname="Podio.Tests.PodioFieldCollectionTest" file="/Users/shobhitsingh/ShobhitTestProjects/podio-php/tests/PodioFieldCollectionTest.php" line="88" assertions="2" time="0.000709"/>
      </testsuite>
      <testsuite name="Podio\Tests\PodioHookTest" file="/Users/shobhitsingh/ShobhitTestProjects/podio-php/tests/PodioHookTest.php" tests="1" assertions="2" errors="0" warnings="0" failures="0" skipped="0" time="0.000837">
        <testcase name="test__construct" class="Podio\Tests\PodioHookTest" classname="Podio.Tests.PodioHookTest" file="/Users/shobhitsingh/ShobhitTestProjects/podio-php/tests/PodioHookTest.php" line="10" assertions="2" time="0.000837"/>
      </testsuite>
      <testsuite name="Podio\Tests\PodioItemCollectionTest" file="/Users/shobhitsingh/ShobhitTestProjects/podio-php/tests/PodioItemCollectionTest.php" tests="2" assertions="2" errors="0" warnings="0" failures="0" skipped="0" time="0.001523">
        <testcase name="test_cannot_add_object" class="Podio\Tests\PodioItemCollectionTest" classname="Podio.Tests.PodioItemCollectionTest" file="/Users/shobhitsingh/ShobhitTestProjects/podio-php/tests/PodioItemCollectionTest.php" line="12" assertions="1" time="0.000858"/>
        <testcase name="test_can_add_item" class="Podio\Tests\PodioItemCollectionTest" classname="Podio.Tests.PodioItemCollectionTest" file="/Users/shobhitsingh/ShobhitTestProjects/podio-php/tests/PodioItemCollectionTest.php" line="19" assertions="1" time="0.000665"/>
      </testsuite>
      <testsuite name="Podio\Tests\PodioItemFieldCollectionTest" file="/Users/shobhitsingh/ShobhitTestProjects/podio-php/tests/PodioItemFieldCollectionTest.php" tests="6" assertions="14" errors="0" warnings="0" failures="0" skipped="0" time="0.006507">
        <testcase name="test_can_construct_with_api_values" class="Podio\Tests\PodioItemFieldCollectionTest" classname="Podio.Tests.PodioItemFieldCollectionTest" file="/Users/shobhitsingh/ShobhitTestProjects/podio-php/tests/PodioItemFieldCollectionTest.php" line="31" assertions="3" time="0.001614"/>
        <testcase name="test_can_construct_from_array" class="Podio\Tests\PodioItemFieldCollectionTest" classname="Podio.Tests.PodioItemFieldCollectionTest" file="/Users/shobhitsingh/ShobhitTestProjects/podio-php/tests/PodioItemFieldCollectionTest.php" line="41" assertions="5" time="0.001461"/>
        <testcase name="test_can_construct_from_objects" class="Podio\Tests\PodioItemFieldCollectionTest" classname="Podio.Tests.PodioItemFieldCollectionTest" file="/Users/shobhitsingh/ShobhitTestProjects/podio-php/tests/PodioItemFieldCollectionTest.php" line="55" assertions="2" time="0.001073"/>
        <testcase name="test_can_add_unknown_type" class="Podio\Tests\PodioItemFieldCollectionTest" classname="Podio.Tests.PodioItemFieldCollectionTest" file="/Users/shobhitsingh/ShobhitTestProjects/podio-php/tests/PodioItemFieldCollectionTest.php" line="67" assertions="2" time="0.000858"/>
        <testcase name="test_can_add_field" class="Podio\Tests\PodioItemFieldCollectionTest" classname="Podio.Tests.PodioItemFieldCollectionTest" file="/Users/shobhitsingh/ShobhitTestProjects/podio-php/tests/PodioItemFieldCollectionTest.php" line="77" assertions="1" time="0.000739"/>
        <testcase name="test_cannot_add_app_field" class="Podio\Tests\PodioItemFieldCollectionTest" classname="Podio.Tests.PodioItemFieldCollectionTest" file="/Users/shobhitsingh/ShobhitTestProjects/podio-php/tests/PodioItemFieldCollectionTest.php" line="85" assertions="1" time="0.000762"/>
      </testsuite>
      <testsuite name="Podio\Tests\PodioItemFieldTest" file="/Users/shobhitsingh/ShobhitTestProjects/podio-php/tests/PodioItemFieldTest.php" tests="2" assertions="2" errors="0" warnings="0" failures="0" skipped="0" time="0.001368">
        <testcase name="test_save_should_throw_error_if_relationship_to_item_missing" class="Podio\Tests\PodioItemFieldTest" classname="Podio.Tests.PodioItemFieldTest" file="/Users/shobhitsingh/ShobhitTestProjects/podio-php/tests/PodioItemFieldTest.php" line="22" assertions="1" time="0.000829"/>
        <testcase name="test_save_should_throw_error_if_external_id_missing" class="Podio\Tests\PodioItemFieldTest" classname="Podio.Tests.PodioItemFieldTest" file="/Users/shobhitsingh/ShobhitTestProjects/podio-php/tests/PodioItemFieldTest.php" line="29" assertions="1" time="0.000539"/>
      </testsuite>
      <testsuite name="Podio\Tests\PodioItemTest" file="/Users/shobhitsingh/ShobhitTestProjects/podio-php/tests/PodioItemTest.php" tests="2" assertions="2" errors="0" warnings="0" failures="0" skipped="0" time="0.001971">
        <testcase name="test_create_item" class="Podio\Tests\PodioItemTest" classname="Podio.Tests.PodioItemTest" file="/Users/shobhitsingh/ShobhitTestProjects/podio-php/tests/PodioItemTest.php" line="22" assertions="1" time="0.000908"/>
        <testcase name="test_save_should_throw_error_if_app_id_missing" class="Podio\Tests\PodioItemTest" classname="Podio.Tests.PodioItemTest" file="/Users/shobhitsingh/ShobhitTestProjects/podio-php/tests/PodioItemTest.php" line="35" assertions="1" time="0.001062"/>
      </testsuite>
      <testsuite name="Podio\Tests\PodioLocationItemFieldTest" file="/Users/shobhitsingh/ShobhitTestProjects/podio-php/tests/PodioLocationItemFieldTest.php" tests="7" assertions="11" errors="0" warnings="0" failures="0" skipped="0" time="0.004643">
        <testcase name="test_can_construct_from_simple_value" class="Podio\Tests\PodioLocationItemFieldTest" classname="Podio.Tests.PodioLocationItemFieldTest" file="/Users/shobhitsingh/ShobhitTestProjects/podio-php/tests/PodioLocationItemFieldTest.php" line="35" assertions="1" time="0.000907"/>
        <testcase name="test_can_provide_value" class="Podio\Tests\PodioLocationItemFieldTest" classname="Podio.Tests.PodioLocationItemFieldTest" file="/Users/shobhitsingh/ShobhitTestProjects/podio-php/tests/PodioLocationItemFieldTest.php" line="54" assertions="2" time="0.000587"/>
        <testcase name="test_can_provide_text" class="Podio\Tests\PodioLocationItemFieldTest" classname="Podio.Tests.PodioLocationItemFieldTest" file="/Users/shobhitsingh/ShobhitTestProjects/podio-php/tests/PodioLocationItemFieldTest.php" line="67" assertions="2" time="0.000705"/>
        <testcase name="test_can_set_value" class="Podio\Tests\PodioLocationItemFieldTest" classname="Podio.Tests.PodioLocationItemFieldTest" file="/Users/shobhitsingh/ShobhitTestProjects/podio-php/tests/PodioLocationItemFieldTest.php" line="73" assertions="1" time="0.000632"/>
        <testcase name="test_can_set_text" class="Podio\Tests\PodioLocationItemFieldTest" classname="Podio.Tests.PodioLocationItemFieldTest" file="/Users/shobhitsingh/ShobhitTestProjects/podio-php/tests/PodioLocationItemFieldTest.php" line="89" assertions="1" time="0.000639"/>
        <testcase name="test_can_humanize_value" class="Podio\Tests\PodioLocationItemFieldTest" classname="Podio.Tests.PodioLocationItemFieldTest" file="/Users/shobhitsingh/ShobhitTestProjects/podio-php/tests/PodioLocationItemFieldTest.php" line="101" assertions="2" time="0.000575"/>
        <testcase name="test_can_convert_to_api_friendly_json" class="Podio\Tests\PodioLocationItemFieldTest" classname="Podio.Tests.PodioLocationItemFieldTest" file="/Users/shobhitsingh/ShobhitTestProjects/podio-php/tests/PodioLocationItemFieldTest.php" line="110" assertions="2" time="0.000598"/>
      </testsuite>
      <testsuite name="Podio\Tests\PodioMoneyItemFieldTest" file="/Users/shobhitsingh/ShobhitTestProjects/podio-php/tests/PodioMoneyItemFieldTest.php" tests="9" assertions="23" errors="0" warnings="0" failures="0" skipped="0" time="0.006886">
        <testcase name="test_can_construct_from_simple_value" class="Podio\Tests\PodioMoneyItemFieldTest" classname="Podio.Tests.PodioMoneyItemFieldTest" file="/Users/shobhitsingh/ShobhitTestProjects/podio-php/tests/PodioMoneyItemFieldTest.php" line="50" assertions="1" time="0.001459"/>
        <testcase name="test_can_provide_value" class="Podio\Tests\PodioMoneyItemFieldTest" classname="Podio.Tests.PodioMoneyItemFieldTest" file="/Users/shobhitsingh/ShobhitTestProjects/podio-php/tests/PodioMoneyItemFieldTest.php" line="59" assertions="3" time="0.000669"/>
        <testcase name="test_can_provide_amount" class="Podio\Tests\PodioMoneyItemFieldTest" classname="Podio.Tests.PodioMoneyItemFieldTest" file="/Users/shobhitsingh/ShobhitTestProjects/podio-php/tests/PodioMoneyItemFieldTest.php" line="66" assertions="3" time="0.000677"/>
        <testcase name="test_can_provide_currency" class="Podio\Tests\PodioMoneyItemFieldTest" classname="Podio.Tests.PodioMoneyItemFieldTest" file="/Users/shobhitsingh/ShobhitTestProjects/podio-php/tests/PodioMoneyItemFieldTest.php" line="73" assertions="2" time="0.000767"/>
        <testcase name="test_can_set_value" class="Podio\Tests\PodioMoneyItemFieldTest" classname="Podio.Tests.PodioMoneyItemFieldTest" file="/Users/shobhitsingh/ShobhitTestProjects/podio-php/tests/PodioMoneyItemFieldTest.php" line="80" assertions="2" time="0.000623"/>
        <testcase name="test_can_set_amount" class="Podio\Tests\PodioMoneyItemFieldTest" classname="Podio.Tests.PodioMoneyItemFieldTest" file="/Users/shobhitsingh/ShobhitTestProjects/podio-php/tests/PodioMoneyItemFieldTest.php" line="89" assertions="2" time="0.000785"/>
        <testcase name="test_can_set_currency" class="Podio\Tests\PodioMoneyItemFieldTest" classname="Podio.Tests.PodioMoneyItemFieldTest" file="/Users/shobhitsingh/ShobhitTestProjects/podio-php/tests/PodioMoneyItemFieldTest.php" line="98" assertions="1" time="0.000552"/>
        <testcase name="test_can_humanize_value" class="Podio\Tests\PodioMoneyItemFieldTest" classname="Podio.Tests.PodioMoneyItemFieldTest" file="/Users/shobhitsingh/ShobhitTestProjects/podio-php/tests/PodioMoneyItemFieldTest.php" line="104" assertions="6" time="0.000728"/>
        <testcase name="test_can_convert_to_api_friendly_json" class="Podio\Tests\PodioMoneyItemFieldTest" classname="Podio.Tests.PodioMoneyItemFieldTest" file="/Users/shobhitsingh/ShobhitTestProjects/podio-php/tests/PodioMoneyItemFieldTest.php" line="120" assertions="3" time="0.000627"/>
      </testsuite>
      <testsuite name="Podio\Tests\PodioNumberItemFieldTest" file="/Users/shobhitsingh/ShobhitTestProjects/podio-php/tests/PodioNumberItemFieldTest.php" tests="5" assertions="12" errors="0" warnings="0" failures="0" skipped="0" time="0.003223">
        <testcase name="test_can_construct_from_simple_value" class="Podio\Tests\PodioNumberItemFieldTest" classname="Podio.Tests.PodioNumberItemFieldTest" file="/Users/shobhitsingh/ShobhitTestProjects/podio-php/tests/PodioNumberItemFieldTest.php" line="44" assertions="1" time="0.000676"/>
        <testcase name="test_can_provide_value" class="Podio\Tests\PodioNumberItemFieldTest" classname="Podio.Tests.PodioNumberItemFieldTest" file="/Users/shobhitsingh/ShobhitTestProjects/podio-php/tests/PodioNumberItemFieldTest.php" line="53" assertions="3" time="0.000694"/>
        <testcase name="test_can_set_value" class="Podio\Tests\PodioNumberItemFieldTest" classname="Podio.Tests.PodioNumberItemFieldTest" file="/Users/shobhitsingh/ShobhitTestProjects/podio-php/tests/PodioNumberItemFieldTest.php" line="60" assertions="2" time="0.000580"/>
        <testcase name="test_can_humanize_value" class="Podio\Tests\PodioNumberItemFieldTest" classname="Podio.Tests.PodioNumberItemFieldTest" file="/Users/shobhitsingh/ShobhitTestProjects/podio-php/tests/PodioNumberItemFieldTest.php" line="69" assertions="3" time="0.000624"/>
        <testcase name="test_can_convert_to_api_friendly_json" class="Podio\Tests\PodioNumberItemFieldTest" classname="Podio.Tests.PodioNumberItemFieldTest" file="/Users/shobhitsingh/ShobhitTestProjects/podio-php/tests/PodioNumberItemFieldTest.php" line="76" assertions="3" time="0.000649"/>
      </testsuite>
      <testsuite name="Podio\Tests\PodioObjectTest" file="/Users/shobhitsingh/ShobhitTestProjects/podio-php/tests/PodioObjectTest.php" tests="29" assertions="50" errors="0" warnings="0" failures="0" skipped="0" time="0.023960">
        <testcase name="test_can_construct_from_array" class="Podio\Tests\PodioObjectTest" classname="Podio.Tests.PodioObjectTest" file="/Users/shobhitsingh/ShobhitTestProjects/podio-php/tests/PodioObjectTest.php" line="44" assertions="3" time="0.000528"/>
        <testcase name="test_can_construct_from_id" class="Podio\Tests\PodioObjectTest" classname="Podio.Tests.PodioObjectTest" file="/Users/shobhitsingh/ShobhitTestProjects/podio-php/tests/PodioObjectTest.php" line="57" assertions="1" time="0.000563"/>
        <testcase name="test_can_construct_from_external_id" class="Podio\Tests\PodioObjectTest" classname="Podio.Tests.PodioObjectTest" file="/Users/shobhitsingh/ShobhitTestProjects/podio-php/tests/PodioObjectTest.php" line="66" assertions="1" time="0.000500"/>
        <testcase name="test_can_construct_one_to_one_relationship" class="Podio\Tests\PodioObjectTest" classname="Podio.Tests.PodioObjectTest" file="/Users/shobhitsingh/ShobhitTestProjects/podio-php/tests/PodioObjectTest.php" line="75" assertions="1" time="0.000571"/>
        <testcase name="test_can_construct_one_to_many_relationship" class="Podio\Tests\PodioObjectTest" classname="Podio.Tests.PodioObjectTest" file="/Users/shobhitsingh/ShobhitTestProjects/podio-php/tests/PodioObjectTest.php" line="84" assertions="3" time="0.000691"/>
        <testcase name="test_can_provide_properties" class="Podio\Tests\PodioObjectTest" classname="Podio.Tests.PodioObjectTest" file="/Users/shobhitsingh/ShobhitTestProjects/podio-php/tests/PodioObjectTest.php" line="96" assertions="1" time="0.000773"/>
        <testcase name="test_can_provide_relationships" class="Podio\Tests\PodioObjectTest" classname="Podio.Tests.PodioObjectTest" file="/Users/shobhitsingh/ShobhitTestProjects/podio-php/tests/PodioObjectTest.php" line="112" assertions="1" time="0.000529"/>
        <testcase name="test_can_convert_to_json" class="Podio\Tests\PodioObjectTest" classname="Podio.Tests.PodioObjectTest" file="/Users/shobhitsingh/ShobhitTestProjects/podio-php/tests/PodioObjectTest.php" line="121" assertions="1" time="0.001077"/>
        <testcase name="test_can_unset_attribute" class="Podio\Tests\PodioObjectTest" classname="Podio.Tests.PodioObjectTest" file="/Users/shobhitsingh/ShobhitTestProjects/podio-php/tests/PodioObjectTest.php" line="147" assertions="2" time="0.000827"/>
        <testcase name="test_can_see_attribute_presence" class="Podio\Tests\PodioObjectTest" classname="Podio.Tests.PodioObjectTest" file="/Users/shobhitsingh/ShobhitTestProjects/podio-php/tests/PodioObjectTest.php" line="154" assertions="2" time="0.001419"/>
        <testcase name="test_can_set_integer_attribute" class="Podio\Tests\PodioObjectTest" classname="Podio.Tests.PodioObjectTest" file="/Users/shobhitsingh/ShobhitTestProjects/podio-php/tests/PodioObjectTest.php" line="160" assertions="1" time="0.001699"/>
        <testcase name="test_can_set_boolean_attribute" class="Podio\Tests\PodioObjectTest" classname="Podio.Tests.PodioObjectTest" file="/Users/shobhitsingh/ShobhitTestProjects/podio-php/tests/PodioObjectTest.php" line="169" assertions="2" time="0.000983"/>
        <testcase name="test_can_set_string_attribute" class="Podio\Tests\PodioObjectTest" classname="Podio.Tests.PodioObjectTest" file="/Users/shobhitsingh/ShobhitTestProjects/podio-php/tests/PodioObjectTest.php" line="180" assertions="1" time="0.000714"/>
        <testcase name="test_can_set_array_attribute" class="Podio\Tests\PodioObjectTest" classname="Podio.Tests.PodioObjectTest" file="/Users/shobhitsingh/ShobhitTestProjects/podio-php/tests/PodioObjectTest.php" line="189" assertions="1" time="0.000710"/>
        <testcase name="test_can_set_hash_attribute" class="Podio\Tests\PodioObjectTest" classname="Podio.Tests.PodioObjectTest" file="/Users/shobhitsingh/ShobhitTestProjects/podio-php/tests/PodioObjectTest.php" line="198" assertions="1" time="0.000835"/>
        <testcase name="test_can_set_date_attribute_in_constructor" class="Podio\Tests\PodioObjectTest" classname="Podio.Tests.PodioObjectTest" file="/Users/shobhitsingh/ShobhitTestProjects/podio-php/tests/PodioObjectTest.php" line="207" assertions="2" time="0.001116"/>
        <testcase name="test_can_set_date_attribute_from_datetime" class="Podio\Tests\PodioObjectTest" classname="Podio.Tests.PodioObjectTest" file="/Users/shobhitsingh/ShobhitTestProjects/podio-php/tests/PodioObjectTest.php" line="218" assertions="2" time="0.000785"/>
        <testcase name="test_can_set_date_attribute_from_string" class="Podio\Tests\PodioObjectTest" classname="Podio.Tests.PodioObjectTest" file="/Users/shobhitsingh/ShobhitTestProjects/podio-php/tests/PodioObjectTest.php" line="229" assertions="2" time="0.000632"/>
        <testcase name="test_can_set_datetime_attribute_in_constructor" class="Podio\Tests\PodioObjectTest" classname="Podio.Tests.PodioObjectTest" file="/Users/shobhitsingh/ShobhitTestProjects/podio-php/tests/PodioObjectTest.php" line="238" assertions="2" time="0.000577"/>
        <testcase name="test_can_set_datetime_attribute_from_datetime" class="Podio\Tests\PodioObjectTest" classname="Podio.Tests.PodioObjectTest" file="/Users/shobhitsingh/ShobhitTestProjects/podio-php/tests/PodioObjectTest.php" line="249" assertions="2" time="0.000647"/>
        <testcase name="test_can_set_datetime_attribute_from_string" class="Podio\Tests\PodioObjectTest" classname="Podio.Tests.PodioObjectTest" file="/Users/shobhitsingh/ShobhitTestProjects/podio-php/tests/PodioObjectTest.php" line="260" assertions="2" time="0.000653"/>
        <testcase name="test_can_create_listing" class="Podio\Tests\PodioObjectTest" classname="Podio.Tests.PodioObjectTest" file="/Users/shobhitsingh/ShobhitTestProjects/podio-php/tests/PodioObjectTest.php" line="269" assertions="3" time="0.000672"/>
        <testcase name="test_can_create_member" class="Podio\Tests\PodioObjectTest" classname="Podio.Tests.PodioObjectTest" file="/Users/shobhitsingh/ShobhitTestProjects/podio-php/tests/PodioObjectTest.php" line="278" assertions="1" time="0.000623"/>
        <testcase name="test_can_check_rights" class="Podio\Tests\PodioObjectTest" classname="Podio.Tests.PodioObjectTest" file="/Users/shobhitsingh/ShobhitTestProjects/podio-php/tests/PodioObjectTest.php" line="284" assertions="2" time="0.000647"/>
        <testcase name="test_can_check_attribute_existence" class="Podio\Tests\PodioObjectTest" classname="Podio.Tests.PodioObjectTest" file="/Users/shobhitsingh/ShobhitTestProjects/podio-php/tests/PodioObjectTest.php" line="290" assertions="2" time="0.000879"/>
        <testcase name="test_can_check_property_existence" class="Podio\Tests\PodioObjectTest" classname="Podio.Tests.PodioObjectTest" file="/Users/shobhitsingh/ShobhitTestProjects/podio-php/tests/PodioObjectTest.php" line="296" assertions="2" time="0.001245"/>
        <testcase name="test_can_check_relationship_existence" class="Podio\Tests\PodioObjectTest" classname="Podio.Tests.PodioObjectTest" file="/Users/shobhitsingh/ShobhitTestProjects/podio-php/tests/PodioObjectTest.php" line="302" assertions="2" time="0.001278"/>
        <testcase name="test_can_add_child_relationship" class="Podio\Tests\PodioObjectTest" classname="Podio.Tests.PodioObjectTest" file="/Users/shobhitsingh/ShobhitTestProjects/podio-php/tests/PodioObjectTest.php" line="308" assertions="2" time="0.000756"/>
        <testcase name="test_null_with_datetime" class="Podio\Tests\PodioObjectTest" classname="Podio.Tests.PodioObjectTest" file="/Users/shobhitsingh/ShobhitTestProjects/podio-php/tests/PodioObjectTest.php" line="318" assertions="2" time="0.001031"/>
      </testsuite>
      <testsuite name="Podio\Tests\PodioOrganizationTest" file="/Users/shobhitsingh/ShobhitTestProjects/podio-php/tests/PodioOrganizationTest.php" tests="1" assertions="2" errors="0" warnings="0" failures="0" skipped="0" time="0.001498">
        <testcase name="test__construct" class="Podio\Tests\PodioOrganizationTest" classname="Podio.Tests.PodioOrganizationTest" file="/Users/shobhitsingh/ShobhitTestProjects/podio-php/tests/PodioOrganizationTest.php" line="10" assertions="2" time="0.001498"/>
      </testsuite>
      <testsuite name="Podio\Tests\PodioPhoneItemFieldTest" file="/Users/shobhitsingh/ShobhitTestProjects/podio-php/tests/PodioPhoneItemFieldTest.php" tests="4" assertions="7" errors="0" warnings="0" failures="0" skipped="0" time="0.003146">
        <testcase name="test_can_provide_value" class="Podio\Tests\PodioPhoneItemFieldTest" classname="Podio.Tests.PodioPhoneItemFieldTest" file="/Users/shobhitsingh/ShobhitTestProjects/podio-php/tests/PodioPhoneItemFieldTest.php" line="28" assertions="2" time="0.001185"/>
        <testcase name="test_can_set_value_from_hash" class="Podio\Tests\PodioPhoneItemFieldTest" classname="Podio.Tests.PodioPhoneItemFieldTest" file="/Users/shobhitsingh/ShobhitTestProjects/podio-php/tests/PodioPhoneItemFieldTest.php" line="41" assertions="1" time="0.000742"/>
        <testcase name="test_can_humanize_value" class="Podio\Tests\PodioPhoneItemFieldTest" classname="Podio.Tests.PodioPhoneItemFieldTest" file="/Users/shobhitsingh/ShobhitTestProjects/podio-php/tests/PodioPhoneItemFieldTest.php" line="53" assertions="2" time="0.000621"/>
        <testcase name="test_can_convert_to_api_friendly_json" class="Podio\Tests\PodioPhoneItemFieldTest" classname="Podio.Tests.PodioPhoneItemFieldTest" file="/Users/shobhitsingh/ShobhitTestProjects/podio-php/tests/PodioPhoneItemFieldTest.php" line="63" assertions="2" time="0.000598"/>
      </testsuite>
      <testsuite name="Podio\Tests\PodioProgressItemFieldTest" file="/Users/shobhitsingh/ShobhitTestProjects/podio-php/tests/PodioProgressItemFieldTest.php" tests="5" assertions="12" errors="0" warnings="0" failures="0" skipped="0" time="0.003289">
        <testcase name="test_can_construct_from_simple_value" class="Podio\Tests\PodioProgressItemFieldTest" classname="Podio.Tests.PodioProgressItemFieldTest" file="/Users/shobhitsingh/ShobhitTestProjects/podio-php/tests/PodioProgressItemFieldTest.php" line="44" assertions="1" time="0.000873"/>
        <testcase name="test_can_provide_value" class="Podio\Tests\PodioProgressItemFieldTest" classname="Podio.Tests.PodioProgressItemFieldTest" file="/Users/shobhitsingh/ShobhitTestProjects/podio-php/tests/PodioProgressItemFieldTest.php" line="53" assertions="3" time="0.000695"/>
        <testcase name="test_can_set_value" class="Podio\Tests\PodioProgressItemFieldTest" classname="Podio.Tests.PodioProgressItemFieldTest" file="/Users/shobhitsingh/ShobhitTestProjects/podio-php/tests/PodioProgressItemFieldTest.php" line="60" assertions="2" time="0.000559"/>
        <testcase name="test_can_humanize_value" class="Podio\Tests\PodioProgressItemFieldTest" classname="Podio.Tests.PodioProgressItemFieldTest" file="/Users/shobhitsingh/ShobhitTestProjects/podio-php/tests/PodioProgressItemFieldTest.php" line="69" assertions="3" time="0.000591"/>
        <testcase name="test_can_convert_to_api_friendly_json" class="Podio\Tests\PodioProgressItemFieldTest" classname="Podio.Tests.PodioProgressItemFieldTest" file="/Users/shobhitsingh/ShobhitTestProjects/podio-php/tests/PodioProgressItemFieldTest.php" line="76" assertions="3" time="0.000571"/>
      </testsuite>
      <testsuite name="Podio\Tests\PodioSpaceTest" file="/Users/shobhitsingh/ShobhitTestProjects/podio-php/tests/PodioSpaceTest.php" tests="1" assertions="2" errors="0" warnings="0" failures="0" skipped="0" time="0.000803">
        <testcase name="test__construct" class="Podio\Tests\PodioSpaceTest" classname="Podio.Tests.PodioSpaceTest" file="/Users/shobhitsingh/ShobhitTestProjects/podio-php/tests/PodioSpaceTest.php" line="10" assertions="2" time="0.000803"/>
      </testsuite>
      <testsuite name="Podio\Tests\PodioTaskTest" file="/Users/shobhitsingh/ShobhitTestProjects/podio-php/tests/PodioTaskTest.php" tests="2" assertions="3" errors="0" warnings="0" failures="0" skipped="0" time="0.003003">
        <testcase name="test_save_performs_update_when_id_present" class="Podio\Tests\PodioTaskTest" classname="Podio.Tests.PodioTaskTest" file="/Users/shobhitsingh/ShobhitTestProjects/podio-php/tests/PodioTaskTest.php" line="10" assertions="1" time="0.001928"/>
        <testcase name="test_save_performs_create_when_no_id_present" class="Podio\Tests\PodioTaskTest" classname="Podio.Tests.PodioTaskTest" file="/Users/shobhitsingh/ShobhitTestProjects/podio-php/tests/PodioTaskTest.php" line="22" assertions="2" time="0.001075"/>
      </testsuite>
      <testsuite name="Podio\Tests\PodioTextItemFieldTest" file="/Users/shobhitsingh/ShobhitTestProjects/podio-php/tests/PodioTextItemFieldTest.php" tests="5" assertions="9" errors="0" warnings="0" failures="0" skipped="0" time="0.003080">
        <testcase name="test_can_construct_from_simple_value" class="Podio\Tests\PodioTextItemFieldTest" classname="Podio.Tests.PodioTextItemFieldTest" file="/Users/shobhitsingh/ShobhitTestProjects/podio-php/tests/PodioTextItemFieldTest.php" line="34" assertions="1" time="0.000629"/>
        <testcase name="test_can_provide_value" class="Podio\Tests\PodioTextItemFieldTest" classname="Podio.Tests.PodioTextItemFieldTest" file="/Users/shobhitsingh/ShobhitTestProjects/podio-php/tests/PodioTextItemFieldTest.php" line="43" assertions="2" time="0.000611"/>
        <testcase name="test_can_set_value" class="Podio\Tests\PodioTextItemFieldTest" classname="Podio.Tests.PodioTextItemFieldTest" file="/Users/shobhitsingh/ShobhitTestProjects/podio-php/tests/PodioTextItemFieldTest.php" line="49" assertions="1" time="0.000582"/>
        <testcase name="test_can_humanize_value" class="Podio\Tests\PodioTextItemFieldTest" classname="Podio.Tests.PodioTextItemFieldTest" file="/Users/shobhitsingh/ShobhitTestProjects/podio-php/tests/PodioTextItemFieldTest.php" line="55" assertions="3" time="0.000665"/>
        <testcase name="test_can_convert_to_api_friendly_json" class="Podio\Tests\PodioTextItemFieldTest" classname="Podio.Tests.PodioTextItemFieldTest" file="/Users/shobhitsingh/ShobhitTestProjects/podio-php/tests/PodioTextItemFieldTest.php" line="69" assertions="2" time="0.000593"/>
      </testsuite>
    </testsuite>
  </testsuite>
</testsuites>
